20231029	12:58:09	b643bdd8-48e4-47de-a28a-54831427cd58	Error: All fileds are nessesary (name, password, email)	POST	/api/auth/signup	undefined
20231029	13:10:21	18508061-4e73-4e4e-991a-e8288b39af0b	Error: Name or Email are not uniqe)	POST	/api/auth/signup	undefined
20231029	13:10:52	9d0fa89e-fcb7-4727-ba64-3f74e43c3951	Error: Name or Email are not uniqe)	POST	/api/auth/signup	undefined
20231029	13:11:08	166b383a-f149-4b60-b20a-5972583ef0ea	Error: Name or Email are not uniqe)	POST	/api/auth/signup	undefined
20231029	13:15:51	a31b154c-6724-4dfb-82b0-c351763a078c	Error: Name or Email are not uniqe)	POST	/api/auth/signup	undefined
20231029	13:16:20	dd346383-f39a-4906-89b0-f9d1c53e370e	Error: Name or Email are not uniqe)	POST	/api/auth/signup	undefined
20231029	13:23:08	21330e82-0958-430b-9a31-d96e52d48dbb	Error: User validation failed: password: Path `password` is required.	POST	/api/auth/signup	undefined
20231029	13:23:44	8ed9d715-29a3-4c56-bcb4-c39c54ed4562	Error: req.status is not a function	POST	/api/auth/signup	undefined
20231029	13:24:23	175d6877-daf6-4c31-8062-5975831055e6	Error: Name or Email are not uniqe)	POST	/api/auth/signup	undefined
20231029	13:25:46	a8e6680a-faec-4dad-b6b8-c0abe5899bb1	Error: E11000 duplicate key error collection: WojciechTube.users index: img_1 dup key: { img: null }	POST	/api/auth/signup	undefined
20231029	13:26:50	71e1c4f5-9eb1-4224-aa22-c31d382860ad	Error: E11000 duplicate key error collection: WojciechTube.users index: img_1 dup key: { img: null }	POST	/api/auth/signup	undefined
20231029	13:29:32	7f26ce83-064c-459c-9945-163d86c68531	Error: User.create(...).exec is not a function	POST	/api/auth/signup	undefined
20231029	13:30:25	0e937214-24fe-4653-8c25-424b186af825	Error: E11000 duplicate key error collection: WojciechTube.users index: img_1 dup key: { img: null }	POST	/api/auth/signup	undefined
20231029	13:35:40	4de0ed13-b763-4cb2-bf41-bb89df86ace9	Error: E11000 duplicate key error collection: WojciechTube.users index: img_1 dup key: { img: null }	POST	/api/auth/signup	undefined
20231029	13:36:49	78daa706-4be1-4ec1-a87f-997a9ff2aa32	Error: E11000 duplicate key error collection: WojciechTube.users index: img_1 dup key: { img: null }	POST	/api/auth/signup	undefined
20231029	13:38:46	ac1b70f9-fefe-4845-8527-95949dde6581	Error: E11000 duplicate key error collection: WojciechTube.users index: img_1 dup key: { img: null }	POST	/api/auth/signup	undefined
20231029	14:45:17	f18fa121-e144-452a-9aca-5b0f1113fbc7	Error: User not found!	POST	/api/auth/signin	undefined
20231029	15:01:06	dabc17b7-f5dc-4333-8969-2cb61ba4c4a9	Error: User not found!	POST	/api/auth/signin	undefined
20231029	16:20:52	5d7acef1-0ad1-4882-b184-3d4fa3bdcfa2	Error: You can update only your account!	PUT	/api/users/653e5367867e63d55f025722	undefined
20231031	15:54:13	03313b38-ed94-4cfd-b8e9-9ef13eb4228f	Error: Comment validation failed: videoId: Path `videoId` is required.	POST	/api/comments	undefined
20231103	15:33:49	def610da-efc9-49b4-aca1-1bb05d1eefaa	Error: You are not authenticated	GET	/api/videos/sub	undefined
20231104	11:01:27	a3c7a667-a9f1-4a5b-b632-cc5903fc4328	Error: Not allowed by CORS	POST	/api/auth/signin	http://localhost:5173
20231104	11:02:33	714699e5-2f65-432e-a71c-076fe2a3db5f	Error: Wrong credentials!	POST	/api/auth/signin	http://localhost:5173
20231104	11:03:27	3ead2f4c-56b5-4aa1-9fe9-1c13c8da7d8f	Error: Not allowed by CORS	POST	/api/auth/signin	http://localhost:5173
20231104	11:05:17	52fe634c-dc7a-46dc-b131-3310620d88bc	Error: Wrong credentials!	POST	/api/auth/signin	http://localhost:5173
20231105	09:29:09	14077d67-fc42-4ed9-b432-3100e6b18b74	Error: Name or Email are not uniqe)	POST	/api/auth/signup	undefined
20231105	09:29:29	1734068f-8aed-4aba-9b13-c1d1d4e12c4d	Error: Name or Email are not uniqe)	POST	/api/auth/signup	undefined
20231105	09:29:38	0811f2fd-6b75-464b-ac3b-3466410c181d	Error: Name or Email are not uniqe)	POST	/api/auth/signup	undefined
20231105	14:54:20	abfc061c-242e-4857-a743-85fa6ddba8ba	Error: You are not authenticated	GET	/api/videos/sub	undefined
20231105	14:54:20	bbe87bc3-46b1-4891-b97b-544098ea9c3d	Error: You are not authenticated	GET	/api/videos/sub	undefined
20231105	15:59:16	9673f002-c897-492a-92b3-4dd4d693946e	Error: User not found	GET	/api/users/find/6540f0b44a2ee84fb7b07c86	undefined
20231105	15:59:16	94d4692a-3e36-4c52-9cb5-14b04cc753b3	Error: User not found	GET	/api/users/find/6540f0b44a2ee84fb7b07c86	undefined
20231105	16:13:31	4b9911ef-1b5b-48e9-ac75-2b306fb2560e	Error: User not found	GET	/api/users/find/6540f0b44a2ee84fb7b07c86	undefined
20231105	16:13:31	3ce86dba-3959-4abc-b5dd-45d774fda730	Error: User not found	GET	/api/users/find/6540f0b44a2ee84fb7b07c86	undefined
20231105	16:14:02	d7ddc336-7c96-4a03-ad80-b747b1cd30a8	Error: User not found	GET	/api/users/find/6540f0b44a2ee84fb7b07c86	undefined
20231105	16:14:02	8436ae17-ae94-4009-8161-25e36060f172	Error: User not found	GET	/api/users/find/6540f0b44a2ee84fb7b07c86	undefined
20231106	11:13:30	c0bb4307-2842-4b95-9f78-7f4404da1f01	Error: User not found	GET	/api/users/find/6540f0b44a2ee84fb7b07c86	undefined
20231106	11:13:30	d9aabb1d-a363-494f-b2d4-e3408957d811	Error: User not found	GET	/api/users/find/6540f0b44a2ee84fb7b07c86	undefined
20231106	11:19:00	5db52bf5-23aa-4cdb-a4ff-83f160a95590	Error: User not found	GET	/api/users/find/6540f0b44a2ee84fb7b07c86	undefined
20231106	11:19:00	12b91803-c732-4843-b60d-46fc096f66b4	Error: User not found	GET	/api/users/find/6540f0b44a2ee84fb7b07c86	undefined
20231106	11:21:18	c886dc36-d6f6-43b6-b049-3de017acc7d9	Error: User not found	GET	/api/users/find/6540f0b44a2ee84fb7b07c86	undefined
20231106	11:21:18	b27008a4-633f-4b47-aa57-c3b4c9fbb683	Error: User not found	GET	/api/users/find/6540f0b44a2ee84fb7b07c86	undefined
20231106	11:21:30	e1070564-d1ee-492d-8df3-6e3baed6f546	Error: User not found	GET	/api/users/find/6540f0b44a2ee84fb7b07c86	undefined
20231106	11:21:30	7d525539-7e8b-4a2c-a88f-b1d986a3a6e7	Error: User not found	GET	/api/users/find/6540f0b44a2ee84fb7b07c86	undefined
20231106	11:49:15	8731078f-428b-4971-a840-fcb15d5e2405	Error: User not found	GET	/api/users/find/6540f0b44a2ee84fb7b07c86	undefined
20231106	11:49:15	0cae019d-9a2c-4466-948f-4d270ab6a354	Error: User not found	GET	/api/users/find/6540f0b44a2ee84fb7b07c86	undefined
20231106	12:00:04	eb53942f-af09-48ae-a738-2b54e9015e32	Error: User not found	GET	/api/users/find/6540f0b44a2ee84fb7b07c86	undefined
20231106	12:00:04	2cc371c5-f069-49b4-a5ef-88147828b4b0	Error: User not found	GET	/api/users/find/6540f0b44a2ee84fb7b07c86	undefined
20231106	12:04:15	4549d529-5234-42aa-908d-248339b52922	Error: User not found	GET	/api/users/find/6540f0b44a2ee84fb7b07c86	undefined
20231106	12:04:15	6d9d457a-cdd0-4362-96f1-343f8561fd33	Error: User not found	GET	/api/users/find/6540f0b44a2ee84fb7b07c86	undefined
20231106	12:09:43	c1cef648-7988-4ddc-ac31-4029ebbfac46	Error: User not found	GET	/api/users/find/6540f0b44a2ee84fb7b07c86	undefined
20231106	12:09:43	f11ac1a3-0e3e-4feb-b266-e786c64ad7c8	Error: User not found	GET	/api/users/find/6540f0b44a2ee84fb7b07c86	undefined
20231106	12:24:45	9f494a39-78a6-41a9-82c1-f5a319149620	Error: User not found	GET	/api/users/find/6540f0b44a2ee84fb7b07c86	undefined
20231106	12:24:45	ce90b407-3f3b-493a-aad2-d4e6ea577544	Error: User not found	GET	/api/users/find/6540f0b44a2ee84fb7b07c86	undefined
20231106	12:31:16	e6104e7d-eba3-4c11-aaee-b4760a8b026d	Error: User not found	GET	/api/users/find/6540f0b44a2ee84fb7b07c86	undefined
20231106	12:31:16	32ff4d48-088b-433d-afc0-7d015c4a35db	Error: User not found	GET	/api/users/find/6540f0b44a2ee84fb7b07c86	undefined
20231106	12:31:59	77c9e3d3-3e57-4ee1-972e-55829bd943e3	Error: User not found	GET	/api/users/find/6540f0b44a2ee84fb7b07c86	undefined
20231106	12:31:59	2a8e250b-1c78-4010-801d-e6644cf19aa3	Error: User not found	GET	/api/users/find/6540f0b44a2ee84fb7b07c86	undefined
20231106	12:35:44	6e40e1a6-86fc-4d25-aa63-bc61bd30ce82	Error: User not found	GET	/api/users/find/6540f0b44a2ee84fb7b07c86	undefined
20231106	12:35:44	0955daf6-5701-4cd7-95c8-d673a175d89b	Error: User not found	GET	/api/users/find/6540f0b44a2ee84fb7b07c86	undefined
20231106	12:50:29	da86ce7a-d2d7-4ac1-bf4e-0ec28380ff57	Error: User not found	GET	/api/users/find/6540f0b44a2ee84fb7b07c86	undefined
20231106	12:50:29	0fd7e1ca-1755-439c-b70d-089e2ba16c35	Error: User not found	GET	/api/users/find/6540f0b44a2ee84fb7b07c86	undefined
20231106	12:52:34	6babe498-2d66-4409-8e05-73b82beef239	Error: User not found	GET	/api/users/find/6540f0b44a2ee84fb7b07c86	undefined
20231106	12:52:34	80a283a7-4de6-4a17-b3c0-947c54d5446f	Error: User not found	GET	/api/users/find/6540f0b44a2ee84fb7b07c86	undefined
20231106	13:00:54	8597add0-0d8e-4d64-92f5-2d0665b11e3d	Error: User not found	GET	/api/users/find/6540f0b44a2ee84fb7b07c86	undefined
20231106	13:00:54	4ad10c35-209f-4e92-9b35-68e507cbbf5a	Error: User not found	GET	/api/users/find/6540f0b44a2ee84fb7b07c86	undefined
20231106	13:06:07	2e7a27ac-ce5a-42b1-9b3b-6a3526296719	Error: User not found	GET	/api/users/find/6540f0b44a2ee84fb7b07c86	undefined
20231106	13:06:07	aa070d78-887b-436c-b4bf-b4395063d6e9	Error: User not found	GET	/api/users/find/6540f0b44a2ee84fb7b07c86	undefined
20231106	13:31:02	7eb3d750-e650-40bf-8d67-8af006e90aa0	Error: User not found	GET	/api/users/find/6540f0b44a2ee84fb7b07c86	undefined
20231106	13:31:02	2bed29d0-5a1f-4fdd-a8ef-9a503a589bbb	Error: User not found	GET	/api/users/find/6540f0b44a2ee84fb7b07c86	undefined
20231106	13:55:14	f07e802c-c60c-44d6-af6a-b6500de2ffd7	Error: User not found	GET	/api/users/find/6540f0b44a2ee84fb7b07c86	undefined
20231106	13:55:14	b7a2c976-94a6-40d5-9ad2-da4e3176bcf4	Error: User not found	GET	/api/users/find/6540f0b44a2ee84fb7b07c86	undefined
20231106	14:10:16	1abacd19-05a3-4a84-b6f5-05d6f3dee448	Error: User not found	GET	/api/users/find/6540f0b44a2ee84fb7b07c86	undefined
20231106	14:10:16	f43a5a3b-1f2e-4c87-a175-bc6988173f0a	Error: User not found	GET	/api/users/find/6540f0b44a2ee84fb7b07c86	undefined
20231106	14:11:59	93c65824-d582-48f0-9a2a-a19972ca9503	Error: User not found	GET	/api/users/find/6540f0b44a2ee84fb7b07c86	undefined
20231106	14:11:59	26269e0e-7814-4e7e-91be-899dafc915c1	Error: User not found	GET	/api/users/find/6540f0b44a2ee84fb7b07c86	undefined
20231106	14:13:46	a6aef4d1-7912-4c16-90b9-a2979985e297	Error: User not found	GET	/api/users/find/6540f0b44a2ee84fb7b07c86	undefined
20231106	14:13:46	6ec632ee-8222-445e-8d72-c9e250ff6015	Error: User not found	GET	/api/users/find/6540f0b44a2ee84fb7b07c86	undefined
20231106	14:14:05	ee6a6503-0f3d-42c9-b838-172a2291f697	Error: User not found	GET	/api/users/find/6540f0b44a2ee84fb7b07c86	undefined
20231106	14:14:05	a5de082c-5b10-4936-99af-218c68905c2c	Error: User not found	GET	/api/users/find/6540f0b44a2ee84fb7b07c86	undefined
20231106	14:14:31	cd70db59-0df2-4a7b-94b9-f180443ca7ac	Error: User not found	GET	/api/users/find/6540f0b44a2ee84fb7b07c86	undefined
20231106	14:14:31	3c3ca7e9-519a-4a00-9a0c-39912f3882d3	Error: User not found	GET	/api/users/find/6540f0b44a2ee84fb7b07c86	undefined
