20231029	10:49:10	cb245431-488f-4462-8c87-fac1485536f6	GET	/	undefined
20231029	12:56:09	ee6a40d1-0e86-427d-a9b6-4b9d62596c20	POST	/api/auth	undefined
20231029	12:57:41	6ac9d50a-6031-4c7e-a22c-26893faca402	POST	/api/auth/signup	undefined
20231029	12:58:09	7f64fb62-4dae-4e56-a39d-591f66b926d7	POST	/api/auth/signup	undefined
20231029	13:03:45	f8516d70-3455-4f83-bdd7-a476185ec843	POST	/api/auth/signup	undefined
20231029	13:04:44	e91f75df-7628-4f1b-bd75-ae1e86289346	POST	/api/auth/signup	undefined
20231029	13:05:53	f3a70e6a-ff91-4adb-992b-25b4054fa7c6	POST	/api/auth/signup	undefined
20231029	13:06:14	564e9201-543f-440e-873f-a1fcfbc61393	POST	/api/auth/signup	undefined
20231029	13:10:20	c45087fb-1c1a-48c7-bd0f-a88442a9c847	POST	/api/auth/signup	undefined
20231029	13:10:52	00a71472-e847-4c8d-b94f-22ea04321a95	POST	/api/auth/signup	undefined
20231029	13:11:08	de02f98e-edf9-4331-a837-8bcbac2712c0	POST	/api/auth/signup	undefined
20231029	13:15:39	a56c8458-a938-40f9-b1db-a7b9f8d0a040	POST	/api/auth/signup	undefined
20231029	13:15:51	604388d1-c6e3-4b35-a84a-21a658f08c51	POST	/api/auth/signup	undefined
20231029	13:16:20	3595ee18-77e5-4c67-a814-42001f148be4	POST	/api/auth/signup	undefined
20231029	13:16:32	b667c8c8-7f2a-4dee-be54-caf0a9717f4e	POST	/api/auth/signup	undefined
20231029	13:23:08	7d918482-7952-42a7-bb53-df01f6fcc6ed	POST	/api/auth/signup	undefined
20231029	13:23:44	5cef8737-8ef1-49b3-a407-44f1ba044184	POST	/api/auth/signup	undefined
20231029	13:24:23	f8b68f9c-1812-4842-adaf-7566f5067c2a	POST	/api/auth/signup	undefined
20231029	13:25:46	fd0ad268-669e-4227-926b-16f2576fdbc9	POST	/api/auth/signup	undefined
20231029	13:26:50	8680c505-c242-4d31-9de7-0aae6fef6bce	POST	/api/auth/signup	undefined
20231029	13:28:38	c70c4d35-4842-434a-9810-283f07750131	POST	/api/auth/signup	undefined
20231029	13:29:31	ee68dac9-8317-4fd4-b638-b9dd66f63fee	POST	/api/auth/signup	undefined
20231029	13:30:24	47a67bc6-8c93-4f0a-b5fa-21d7ccb247c5	POST	/api/auth/signup	undefined
20231029	13:35:40	d8498d11-b127-4c56-ba14-d3cd64f182ea	POST	/api/auth/signup	undefined
20231029	13:36:49	77cbeac6-2155-468e-9dd5-dfd9c2282f18	POST	/api/auth/signup	undefined
20231029	13:38:46	cf136927-c8dc-4c5c-9830-5a6095666ab1	POST	/api/auth/signup	undefined
20231029	13:42:45	d85f4966-b265-4c5e-9882-51f7ff1733a3	POST	/api/auth/signup	undefined
20231029	13:43:19	c22fef84-adaf-4c74-8902-91b010d9f082	POST	/api/auth/signup	undefined
20231029	14:44:43	14daecc6-ac87-48d1-9603-135dd85b6c81	POST	/api/auth/signin	undefined
20231029	14:45:17	ca5d9794-eae3-4eef-9f6e-a31855e6dc80	POST	/api/auth/signin	undefined
20231029	15:00:57	407586ac-0e34-4134-b9f4-6ca73031aafc	POST	/api/auth/signin	undefined
20231029	15:01:06	60c667ce-6328-40a8-ac27-9ced76617f64	POST	/api/auth/signin	undefined
20231029	15:17:43	78d33612-e934-4c0b-b301-8995d972a467	POST	/api/auth/signin	undefined
20231029	15:24:53	8795e7e5-887b-4f70-b386-2ff3f2bdf16f	POST	/api/auth/signin	undefined
20231029	16:18:23	344a910b-0dd5-4ea6-832c-630aecc72efc	PUT	/api/user/653e5367867e63d55f025722	undefined
20231029	16:19:52	bcbc846e-00a0-40d8-83ee-4d4d478b666e	POST	/api/auth/signin	undefined
20231029	16:20:52	183c0d24-ee16-4979-a331-e9dda4e60b47	PUT	/api/users/653e5367867e63d55f025722	undefined
20231029	16:21:37	f9aaa277-6ba0-49e1-b6e3-5f14e525713c	PUT	/api/users/653e5367867e63d55f025722	undefined
20231029	16:23:39	23e36a18-a01d-402d-a869-490b7baea8b0	PUT	/api/users/653e5367867e63d55f025722	undefined
20231031	15:54:12	2f470ef4-666e-4c51-a2ce-97adfd1dba78	POST	/api/comments	undefined
20231031	15:55:34	fb36ee9a-9031-4ac4-9ab0-a484d54a5cad	POST	/api/comments/6540f271044bf8d1fbc56c95	undefined
20231031	15:58:02	83894389-d087-4498-ae9b-8fcd25582b83	POST	/api/comments	undefined
20231031	15:58:58	93aba31d-37dd-4b39-90fc-e83474cbfe5a	POST	/api/comments	undefined
20231031	15:59:04	7ce2aff8-a62f-4653-a760-f37e908d6380	POST	/api/comments	undefined
20231031	15:59:08	a0db7903-019f-47f3-8991-3f213d2e5acc	POST	/api/comments	undefined
20231031	16:00:19	80e8096e-34d1-4199-992d-0fb67b7b121a	GET	/api/comments/6540f271044bf8d1fbc56c95	undefined
